Running prime number generator program on 5 CPU cores
cuda
2029 12349
number of parameters: 3.17M
The current lr is [0.0001].
At iter 10/2029, epoch 1, the losses are 73.561 (train). the base losses are 103.436 (train). The time used is 1059.604s. 
At iter 20/2029, epoch 1, the losses are 72.667 (train). the base losses are 103.028 (train). The time used is 562.987s. 
At iter 30/2029, epoch 1, the losses are 71.842 (train). the base losses are 103.096 (train). The time used is 441.957s. 
At iter 40/2029, epoch 1, the losses are 70.865 (train). the base losses are 103.170 (train). The time used is 400.985s. 
At iter 50/2029, epoch 1, the losses are 68.897 (train). the base losses are 103.124 (train). The time used is 397.158s. 
At iter 50/2029, epoch 1, the losses are 62.641 (test). the base losses are 105.079 (test). 
At iter 60/2029, epoch 1, the losses are 66.886 (train). the base losses are 103.360 (train). The time used is 372.829s. 
At iter 70/2029, epoch 1, the losses are 63.689 (train). the base losses are 103.095 (train). The time used is 349.457s. 
At iter 80/2029, epoch 1, the losses are 60.105 (train). the base losses are 102.959 (train). The time used is 384.832s. 
At iter 90/2029, epoch 1, the losses are 55.688 (train). the base losses are 102.821 (train). The time used is 395.788s. 
At iter 100/2029, epoch 1, the losses are 51.222 (train). the base losses are 103.053 (train). The time used is 348.526s. 
At iter 100/2029, epoch 1, the losses are 43.910 (test). the base losses are 102.504 (test). 
At iter 110/2029, epoch 1, the losses are 47.446 (train). the base losses are 102.894 (train). The time used is 370.213s. 
At iter 120/2029, epoch 1, the losses are 43.701 (train). the base losses are 103.227 (train). The time used is 370.659s. 
At iter 130/2029, epoch 1, the losses are 39.927 (train). the base losses are 103.129 (train). The time used is 355.874s. 
At iter 140/2029, epoch 1, the losses are 37.092 (train). the base losses are 103.136 (train). The time used is 365.295s. 
At iter 150/2029, epoch 1, the losses are 35.189 (train). the base losses are 103.172 (train). The time used is 340.376s. 
At iter 150/2029, epoch 1, the losses are 32.329 (test). the base losses are 104.880 (test). 
At iter 160/2029, epoch 1, the losses are 32.645 (train). the base losses are 103.005 (train). The time used is 377.258s. 
At iter 170/2029, epoch 1, the losses are 30.835 (train). the base losses are 103.282 (train). The time used is 347.903s. 
At iter 180/2029, epoch 1, the losses are 28.613 (train). the base losses are 103.089 (train). The time used is 365.773s. 
At iter 190/2029, epoch 1, the losses are 26.975 (train). the base losses are 103.044 (train). The time used is 378.246s. 
At iter 200/2029, epoch 1, the losses are 25.088 (train). the base losses are 103.091 (train). The time used is 342.717s. 
At iter 200/2029, epoch 1, the losses are 24.325 (test). the base losses are 104.531 (test). 
At iter 210/2029, epoch 1, the losses are 23.487 (train). the base losses are 102.859 (train). The time used is 378.342s. 
At iter 220/2029, epoch 1, the losses are 21.403 (train). the base losses are 103.323 (train). The time used is 351.971s. 
At iter 230/2029, epoch 1, the losses are 19.467 (train). the base losses are 103.237 (train). The time used is 357.199s. 
At iter 240/2029, epoch 1, the losses are 17.878 (train). the base losses are 102.792 (train). The time used is 369.015s. 
At iter 250/2029, epoch 1, the losses are 16.387 (train). the base losses are 103.348 (train). The time used is 356.107s. 
At iter 250/2029, epoch 1, the losses are 16.678 (test). the base losses are 107.161 (test). 
At iter 260/2029, epoch 1, the losses are 15.807 (train). the base losses are 103.162 (train). The time used is 372.213s. 
At iter 270/2029, epoch 1, the losses are 16.604 (train). the base losses are 103.210 (train). The time used is 354.675s. 
At iter 280/2029, epoch 1, the losses are 15.696 (train). the base losses are 103.187 (train). The time used is 343.791s. 
At iter 290/2029, epoch 1, the losses are 14.554 (train). the base losses are 103.113 (train). The time used is 380.204s. 
At iter 300/2029, epoch 1, the losses are 13.925 (train). the base losses are 103.170 (train). The time used is 359.462s. 
At iter 300/2029, epoch 1, the losses are 13.705 (test). the base losses are 105.889 (test). 
At iter 310/2029, epoch 1, the losses are 13.372 (train). the base losses are 103.082 (train). The time used is 382.493s. 
At iter 320/2029, epoch 1, the losses are 12.933 (train). the base losses are 102.823 (train). The time used is 336.679s. 
At iter 330/2029, epoch 1, the losses are 12.566 (train). the base losses are 102.923 (train). The time used is 359.521s. 
At iter 340/2029, epoch 1, the losses are 12.326 (train). the base losses are 103.268 (train). The time used is 342.523s. 
At iter 350/2029, epoch 1, the losses are 12.025 (train). the base losses are 103.137 (train). The time used is 371.971s. 
At iter 350/2029, epoch 1, the losses are 12.335 (test). the base losses are 104.268 (test). 
At iter 360/2029, epoch 1, the losses are 11.798 (train). the base losses are 103.197 (train). The time used is 372.334s. 
At iter 370/2029, epoch 1, the losses are 11.551 (train). the base losses are 102.947 (train). The time used is 353.134s. 
At iter 380/2029, epoch 1, the losses are 11.318 (train). the base losses are 102.780 (train). The time used is 385.230s. 
At iter 390/2029, epoch 1, the losses are 11.006 (train). the base losses are 103.117 (train). The time used is 371.527s. 
At iter 400/2029, epoch 1, the losses are 10.670 (train). the base losses are 103.045 (train). The time used is 374.623s. 
At iter 400/2029, epoch 1, the losses are 10.794 (test). the base losses are 104.025 (test). 
At iter 410/2029, epoch 1, the losses are 10.402 (train). the base losses are 102.805 (train). The time used is 361.599s. 
At iter 420/2029, epoch 1, the losses are 10.199 (train). the base losses are 102.843 (train). The time used is 361.196s. 
At iter 430/2029, epoch 1, the losses are 9.891 (train). the base losses are 103.127 (train). The time used is 338.913s. 
At iter 440/2029, epoch 1, the losses are 9.670 (train). the base losses are 103.072 (train). The time used is 366.034s. 
At iter 450/2029, epoch 1, the losses are 9.482 (train). the base losses are 103.380 (train). The time used is 377.621s. 
At iter 450/2029, epoch 1, the losses are 9.432 (test). the base losses are 104.694 (test). 
At iter 460/2029, epoch 1, the losses are 9.237 (train). the base losses are 103.063 (train). The time used is 359.313s. 
At iter 470/2029, epoch 1, the losses are 9.058 (train). the base losses are 102.925 (train). The time used is 381.789s. 
At iter 480/2029, epoch 1, the losses are 8.847 (train). the base losses are 103.241 (train). The time used is 357.253s. 
At iter 490/2029, epoch 1, the losses are 8.708 (train). the base losses are 103.282 (train). The time used is 345.313s. 
At iter 500/2029, epoch 1, the losses are 8.544 (train). the base losses are 102.865 (train). The time used is 376.408s. 
At iter 500/2029, epoch 1, the losses are 8.505 (test). the base losses are 106.552 (test). 
At iter 510/2029, epoch 1, the losses are 8.397 (train). the base losses are 103.020 (train). The time used is 376.344s. 
At iter 520/2029, epoch 1, the losses are 8.216 (train). the base losses are 103.525 (train). The time used is 360.572s. 
At iter 530/2029, epoch 1, the losses are 8.088 (train). the base losses are 103.169 (train). The time used is 342.970s. 
At iter 540/2029, epoch 1, the losses are 7.947 (train). the base losses are 103.285 (train). The time used is 357.659s. 
At iter 550/2029, epoch 1, the losses are 7.853 (train). the base losses are 103.135 (train). The time used is 383.633s. 
At iter 550/2029, epoch 1, the losses are 7.708 (test). the base losses are 103.463 (test). 
At iter 560/2029, epoch 1, the losses are 7.690 (train). the base losses are 103.091 (train). The time used is 354.492s. 
At iter 570/2029, epoch 1, the losses are 7.552 (train). the base losses are 102.865 (train). The time used is 335.014s. 
At iter 580/2029, epoch 1, the losses are 7.501 (train). the base losses are 103.162 (train). The time used is 357.105s. 
At iter 590/2029, epoch 1, the losses are 7.359 (train). the base losses are 103.307 (train). The time used is 384.717s. 
At iter 600/2029, epoch 1, the losses are 7.265 (train). the base losses are 103.538 (train). The time used is 376.744s. 
At iter 600/2029, epoch 1, the losses are 7.450 (test). the base losses are 107.312 (test). 
At iter 610/2029, epoch 1, the losses are 7.205 (train). the base losses are 103.139 (train). The time used is 373.052s. 
At iter 620/2029, epoch 1, the losses are 7.086 (train). the base losses are 102.992 (train). The time used is 366.390s. 
At iter 630/2029, epoch 1, the losses are 7.001 (train). the base losses are 103.433 (train). The time used is 356.460s. 
At iter 640/2029, epoch 1, the losses are 6.919 (train). the base losses are 103.064 (train). The time used is 354.911s. 
At iter 650/2029, epoch 1, the losses are 6.863 (train). the base losses are 102.764 (train). The time used is 376.992s. 
At iter 650/2029, epoch 1, the losses are 7.006 (test). the base losses are 103.670 (test). 
At iter 660/2029, epoch 1, the losses are 6.758 (train). the base losses are 103.260 (train). The time used is 342.920s. 
At iter 670/2029, epoch 1, the losses are 6.717 (train). the base losses are 103.340 (train). The time used is 394.337s. 
At iter 680/2029, epoch 1, the losses are 6.626 (train). the base losses are 103.531 (train). The time used is 347.918s. 
At iter 690/2029, epoch 1, the losses are 6.596 (train). the base losses are 102.976 (train). The time used is 317.045s. 
At iter 700/2029, epoch 1, the losses are 6.519 (train). the base losses are 103.160 (train). The time used is 358.882s. 
At iter 700/2029, epoch 1, the losses are 6.778 (test). the base losses are 105.439 (test). 
At iter 710/2029, epoch 1, the losses are 6.459 (train). the base losses are 102.760 (train). The time used is 373.722s. 
At iter 720/2029, epoch 1, the losses are 6.403 (train). the base losses are 103.551 (train). The time used is 362.674s. 
At iter 730/2029, epoch 1, the losses are 6.335 (train). the base losses are 103.115 (train). The time used is 349.885s. 
At iter 740/2029, epoch 1, the losses are 6.297 (train). the base losses are 103.114 (train). The time used is 350.205s. 
At iter 750/2029, epoch 1, the losses are 6.259 (train). the base losses are 103.059 (train). The time used is 365.271s. 
At iter 750/2029, epoch 1, the losses are 6.331 (test). the base losses are 105.904 (test). 
At iter 760/2029, epoch 1, the losses are 6.214 (train). the base losses are 103.122 (train). The time used is 352.850s. 
At iter 770/2029, epoch 1, the losses are 6.138 (train). the base losses are 103.075 (train). The time used is 348.090s. 
At iter 780/2029, epoch 1, the losses are 6.087 (train). the base losses are 102.960 (train). The time used is 375.283s. 
At iter 790/2029, epoch 1, the losses are 6.068 (train). the base losses are 103.178 (train). The time used is 333.828s. 
At iter 800/2029, epoch 1, the losses are 6.018 (train). the base losses are 102.900 (train). The time used is 352.386s. 
At iter 800/2029, epoch 1, the losses are 6.298 (test). the base losses are 105.087 (test). 
At iter 810/2029, epoch 1, the losses are 5.994 (train). the base losses are 103.155 (train). The time used is 344.469s. 
At iter 820/2029, epoch 1, the losses are 5.979 (train). the base losses are 102.943 (train). The time used is 362.462s. 
At iter 830/2029, epoch 1, the losses are 5.926 (train). the base losses are 102.952 (train). The time used is 337.144s. 
At iter 840/2029, epoch 1, the losses are 5.894 (train). the base losses are 103.195 (train). The time used is 366.956s. 
At iter 850/2029, epoch 1, the losses are 5.867 (train). the base losses are 103.242 (train). The time used is 360.250s. 
At iter 850/2029, epoch 1, the losses are 6.103 (test). the base losses are 105.309 (test). 
At iter 860/2029, epoch 1, the losses are 5.829 (train). the base losses are 103.189 (train). The time used is 375.861s. 
At iter 870/2029, epoch 1, the losses are 5.805 (train). the base losses are 103.419 (train). The time used is 362.164s. 
At iter 880/2029, epoch 1, the losses are 5.775 (train). the base losses are 103.144 (train). The time used is 332.593s. 
At iter 890/2029, epoch 1, the losses are 5.718 (train). the base losses are 103.100 (train). The time used is 374.155s. 
At iter 900/2029, epoch 1, the losses are 5.701 (train). the base losses are 102.946 (train). The time used is 336.786s. 
At iter 900/2029, epoch 1, the losses are 5.877 (test). the base losses are 105.815 (test). 
At iter 910/2029, epoch 1, the losses are 5.647 (train). the base losses are 103.077 (train). The time used is 352.049s. 
At iter 920/2029, epoch 1, the losses are 5.630 (train). the base losses are 103.262 (train). The time used is 375.799s. 
At iter 930/2029, epoch 1, the losses are 5.603 (train). the base losses are 102.900 (train). The time used is 356.772s. 
At iter 940/2029, epoch 1, the losses are 5.567 (train). the base losses are 103.365 (train). The time used is 359.678s. 
At iter 950/2029, epoch 1, the losses are 5.540 (train). the base losses are 102.917 (train). The time used is 345.834s. 
At iter 950/2029, epoch 1, the losses are 5.766 (test). the base losses are 106.031 (test). 
At iter 960/2029, epoch 1, the losses are 5.561 (train). the base losses are 102.925 (train). The time used is 387.375s. 
At iter 970/2029, epoch 1, the losses are 5.546 (train). the base losses are 103.192 (train). The time used is 351.592s. 
At iter 980/2029, epoch 1, the losses are 5.517 (train). the base losses are 103.137 (train). The time used is 388.621s. 
At iter 990/2029, epoch 1, the losses are 5.484 (train). the base losses are 103.224 (train). The time used is 369.571s. 
At iter 1000/2029, epoch 1, the losses are 5.458 (train). the base losses are 102.883 (train). The time used is 333.768s. 
At iter 1000/2029, epoch 1, the losses are 5.692 (test). the base losses are 105.629 (test). 
At iter 1010/2029, epoch 1, the losses are 5.467 (train). the base losses are 103.098 (train). The time used is 352.569s. 
At iter 1020/2029, epoch 1, the losses are 5.422 (train). the base losses are 103.038 (train). The time used is 373.542s. 
At iter 1030/2029, epoch 1, the losses are 5.408 (train). the base losses are 103.339 (train). The time used is 383.680s. 
At iter 1040/2029, epoch 1, the losses are 5.391 (train). the base losses are 103.025 (train). The time used is 355.838s. 
At iter 1050/2029, epoch 1, the losses are 5.363 (train). the base losses are 103.086 (train). The time used is 361.662s. 
At iter 1050/2029, epoch 1, the losses are 5.531 (test). the base losses are 106.271 (test). 
At iter 1060/2029, epoch 1, the losses are 5.365 (train). the base losses are 103.003 (train). The time used is 347.911s. 
At iter 1070/2029, epoch 1, the losses are 5.343 (train). the base losses are 103.186 (train). The time used is 362.034s. 
At iter 1080/2029, epoch 1, the losses are 5.329 (train). the base losses are 103.005 (train). The time used is 337.971s. 
At iter 1090/2029, epoch 1, the losses are 5.309 (train). the base losses are 102.676 (train). The time used is 352.613s. 
At iter 1100/2029, epoch 1, the losses are 5.283 (train). the base losses are 103.312 (train). The time used is 361.155s. 
At iter 1100/2029, epoch 1, the losses are 5.517 (test). the base losses are 105.972 (test). 
At iter 1110/2029, epoch 1, the losses are 5.278 (train). the base losses are 103.108 (train). The time used is 360.884s. 
At iter 1120/2029, epoch 1, the losses are 5.250 (train). the base losses are 103.363 (train). The time used is 330.691s. 
At iter 1130/2029, epoch 1, the losses are 5.241 (train). the base losses are 103.312 (train). The time used is 374.000s. 
At iter 1140/2029, epoch 1, the losses are 5.239 (train). the base losses are 103.002 (train). The time used is 335.331s. 
At iter 1150/2029, epoch 1, the losses are 5.197 (train). the base losses are 102.724 (train). The time used is 359.351s. 
At iter 1150/2029, epoch 1, the losses are 5.291 (test). the base losses are 106.348 (test). 
At iter 1160/2029, epoch 1, the losses are 5.223 (train). the base losses are 103.009 (train). The time used is 378.062s. 
At iter 1170/2029, epoch 1, the losses are 5.196 (train). the base losses are 103.164 (train). The time used is 367.417s. 
At iter 1180/2029, epoch 1, the losses are 5.176 (train). the base losses are 103.101 (train). The time used is 368.644s. 
At iter 1190/2029, epoch 1, the losses are 5.179 (train). the base losses are 102.986 (train). The time used is 372.932s. 
At iter 1200/2029, epoch 1, the losses are 5.173 (train). the base losses are 103.210 (train). The time used is 364.754s. 
At iter 1200/2029, epoch 1, the losses are 5.325 (test). the base losses are 103.641 (test). 
At iter 1210/2029, epoch 1, the losses are 5.136 (train). the base losses are 103.119 (train). The time used is 375.574s. 
At iter 1220/2029, epoch 1, the losses are 5.124 (train). the base losses are 103.042 (train). The time used is 358.910s. 
At iter 1230/2029, epoch 1, the losses are 5.104 (train). the base losses are 103.192 (train). The time used is 359.665s. 
At iter 1240/2029, epoch 1, the losses are 5.111 (train). the base losses are 103.231 (train). The time used is 347.790s. 
At iter 1250/2029, epoch 1, the losses are 5.094 (train). the base losses are 103.138 (train). The time used is 358.784s. 
At iter 1250/2029, epoch 1, the losses are 5.335 (test). the base losses are 105.567 (test). 
At iter 1260/2029, epoch 1, the losses are 5.080 (train). the base losses are 103.084 (train). The time used is 375.381s. 
At iter 1270/2029, epoch 1, the losses are 5.081 (train). the base losses are 103.300 (train). The time used is 355.381s. 
At iter 1280/2029, epoch 1, the losses are 5.096 (train). the base losses are 102.747 (train). The time used is 359.948s. 
At iter 1290/2029, epoch 1, the losses are 5.050 (train). the base losses are 102.848 (train). The time used is 372.817s. 
At iter 1300/2029, epoch 1, the losses are 5.052 (train). the base losses are 103.264 (train). The time used is 366.242s. 
At iter 1300/2029, epoch 1, the losses are 5.304 (test). the base losses are 101.925 (test). 
At iter 1310/2029, epoch 1, the losses are 5.027 (train). the base losses are 103.114 (train). The time used is 380.827s. 
At iter 1320/2029, epoch 1, the losses are 5.019 (train). the base losses are 103.257 (train). The time used is 357.916s. 
At iter 1330/2029, epoch 1, the losses are 5.016 (train). the base losses are 102.916 (train). The time used is 352.153s. 
At iter 1340/2029, epoch 1, the losses are 5.014 (train). the base losses are 103.047 (train). The time used is 343.505s. 
At iter 1350/2029, epoch 1, the losses are 5.027 (train). the base losses are 103.021 (train). The time used is 349.601s. 
At iter 1350/2029, epoch 1, the losses are 5.203 (test). the base losses are 103.848 (test). 
At iter 1360/2029, epoch 1, the losses are 4.999 (train). the base losses are 103.237 (train). The time used is 400.603s. 
At iter 1370/2029, epoch 1, the losses are 4.992 (train). the base losses are 102.899 (train). The time used is 387.121s. 
At iter 1380/2029, epoch 1, the losses are 4.970 (train). the base losses are 103.111 (train). The time used is 393.325s. 
At iter 1390/2029, epoch 1, the losses are 4.969 (train). the base losses are 103.424 (train). The time used is 368.442s. 
At iter 1400/2029, epoch 1, the losses are 4.970 (train). the base losses are 103.116 (train). The time used is 350.666s. 
At iter 1400/2029, epoch 1, the losses are 5.129 (test). the base losses are 106.407 (test). 
At iter 1410/2029, epoch 1, the losses are 4.954 (train). the base losses are 102.888 (train). The time used is 356.179s. 
At iter 1420/2029, epoch 1, the losses are 4.956 (train). the base losses are 103.123 (train). The time used is 358.433s. 
At iter 1430/2029, epoch 1, the losses are 4.948 (train). the base losses are 103.145 (train). The time used is 357.332s. 
At iter 1440/2029, epoch 1, the losses are 4.930 (train). the base losses are 103.041 (train). The time used is 346.495s. 
At iter 1450/2029, epoch 1, the losses are 4.941 (train). the base losses are 103.169 (train). The time used is 378.746s. 
At iter 1450/2029, epoch 1, the losses are 5.142 (test). the base losses are 104.354 (test). 
At iter 1460/2029, epoch 1, the losses are 4.926 (train). the base losses are 103.318 (train). The time used is 353.876s. 
At iter 1470/2029, epoch 1, the losses are 4.925 (train). the base losses are 103.354 (train). The time used is 359.651s. 
At iter 1480/2029, epoch 1, the losses are 4.905 (train). the base losses are 103.126 (train). The time used is 345.136s. 
At iter 1490/2029, epoch 1, the losses are 4.903 (train). the base losses are 103.196 (train). The time used is 376.373s. 
At iter 1500/2029, epoch 1, the losses are 4.905 (train). the base losses are 103.195 (train). The time used is 370.229s. 
At iter 1500/2029, epoch 1, the losses are 5.134 (test). the base losses are 105.457 (test). 
At iter 1510/2029, epoch 1, the losses are 4.885 (train). the base losses are 103.039 (train). The time used is 365.260s. 
At iter 1520/2029, epoch 1, the losses are 4.876 (train). the base losses are 103.248 (train). The time used is 367.305s. 
At iter 1530/2029, epoch 1, the losses are 4.877 (train). the base losses are 102.977 (train). The time used is 351.766s. 
At iter 1540/2029, epoch 1, the losses are 4.879 (train). the base losses are 102.837 (train). The time used is 356.389s. 
At iter 1550/2029, epoch 1, the losses are 4.887 (train). the base losses are 103.127 (train). The time used is 376.151s. 
At iter 1550/2029, epoch 1, the losses are 5.089 (test). the base losses are 104.164 (test). 
At iter 1560/2029, epoch 1, the losses are 4.863 (train). the base losses are 103.285 (train). The time used is 360.053s. 
At iter 1570/2029, epoch 1, the losses are 4.855 (train). the base losses are 103.067 (train). The time used is 338.269s. 
At iter 1580/2029, epoch 1, the losses are 4.851 (train). the base losses are 103.068 (train). The time used is 353.240s. 
At iter 1590/2029, epoch 1, the losses are 4.849 (train). the base losses are 103.501 (train). The time used is 387.997s. 
At iter 1600/2029, epoch 1, the losses are 4.831 (train). the base losses are 102.891 (train). The time used is 374.905s. 
At iter 1600/2029, epoch 1, the losses are 5.031 (test). the base losses are 104.043 (test). 
At iter 1610/2029, epoch 1, the losses are 4.831 (train). the base losses are 103.292 (train). The time used is 364.886s. 
At iter 1620/2029, epoch 1, the losses are 4.833 (train). the base losses are 102.988 (train). The time used is 381.484s. 
At iter 1630/2029, epoch 1, the losses are 4.835 (train). the base losses are 103.564 (train). The time used is 372.175s. 
At iter 1640/2029, epoch 1, the losses are 4.836 (train). the base losses are 103.115 (train). The time used is 337.520s. 
At iter 1650/2029, epoch 1, the losses are 4.828 (train). the base losses are 103.207 (train). The time used is 359.538s. 
At iter 1650/2029, epoch 1, the losses are 4.993 (test). the base losses are 105.209 (test). 
At iter 1660/2029, epoch 1, the losses are 4.809 (train). the base losses are 102.844 (train). The time used is 400.464s. 
At iter 1670/2029, epoch 1, the losses are 4.810 (train). the base losses are 103.419 (train). The time used is 362.761s. 
At iter 1680/2029, epoch 1, the losses are 4.819 (train). the base losses are 103.257 (train). The time used is 376.722s. 
At iter 1690/2029, epoch 1, the losses are 4.819 (train). the base losses are 103.166 (train). The time used is 368.189s. 
At iter 1700/2029, epoch 1, the losses are 4.803 (train). the base losses are 103.142 (train). The time used is 361.154s. 
At iter 1700/2029, epoch 1, the losses are 5.015 (test). the base losses are 106.398 (test). 
At iter 1710/2029, epoch 1, the losses are 4.789 (train). the base losses are 102.990 (train). The time used is 364.506s. 
At iter 1720/2029, epoch 1, the losses are 4.792 (train). the base losses are 103.029 (train). The time used is 352.292s. 
At iter 1730/2029, epoch 1, the losses are 4.778 (train). the base losses are 103.302 (train). The time used is 343.022s. 
At iter 1740/2029, epoch 1, the losses are 4.785 (train). the base losses are 103.118 (train). The time used is 328.410s. 
At iter 1750/2029, epoch 1, the losses are 4.778 (train). the base losses are 103.407 (train). The time used is 364.044s. 
At iter 1750/2029, epoch 1, the losses are 4.987 (test). the base losses are 105.783 (test). 
At iter 1760/2029, epoch 1, the losses are 4.768 (train). the base losses are 103.316 (train). The time used is 370.925s. 
At iter 1770/2029, epoch 1, the losses are 4.756 (train). the base losses are 103.193 (train). The time used is 354.682s. 
At iter 1780/2029, epoch 1, the losses are 4.777 (train). the base losses are 103.168 (train). The time used is 333.746s. 
At iter 1790/2029, epoch 1, the losses are 4.749 (train). the base losses are 103.146 (train). The time used is 354.585s. 
At iter 1800/2029, epoch 1, the losses are 4.755 (train). the base losses are 103.021 (train). The time used is 359.275s. 
At iter 1800/2029, epoch 1, the losses are 4.985 (test). the base losses are 106.076 (test). 
At iter 1810/2029, epoch 1, the losses are 4.751 (train). the base losses are 103.157 (train). The time used is 367.942s. 
At iter 1820/2029, epoch 1, the losses are 4.735 (train). the base losses are 102.937 (train). The time used is 376.726s. 
At iter 1830/2029, epoch 1, the losses are 4.736 (train). the base losses are 103.050 (train). The time used is 348.521s. 
At iter 1840/2029, epoch 1, the losses are 4.756 (train). the base losses are 103.167 (train). The time used is 360.930s. 
At iter 1850/2029, epoch 1, the losses are 4.728 (train). the base losses are 102.856 (train). The time used is 391.056s. 
At iter 1850/2029, epoch 1, the losses are 4.971 (test). the base losses are 106.783 (test). 
At iter 1860/2029, epoch 1, the losses are 4.745 (train). the base losses are 103.208 (train). The time used is 330.810s. 
At iter 1870/2029, epoch 1, the losses are 4.721 (train). the base losses are 103.259 (train). The time used is 357.501s. 
At iter 1880/2029, epoch 1, the losses are 4.716 (train). the base losses are 102.497 (train). The time used is 403.377s. 
At iter 1890/2029, epoch 1, the losses are 4.726 (train). the base losses are 103.319 (train). The time used is 365.307s. 
At iter 1900/2029, epoch 1, the losses are 4.725 (train). the base losses are 103.212 (train). The time used is 363.251s. 
At iter 1900/2029, epoch 1, the losses are 4.955 (test). the base losses are 106.673 (test). 
At iter 1910/2029, epoch 1, the losses are 4.708 (train). the base losses are 103.344 (train). The time used is 365.279s. 
At iter 1920/2029, epoch 1, the losses are 4.718 (train). the base losses are 103.196 (train). The time used is 357.969s. 
At iter 1930/2029, epoch 1, the losses are 4.710 (train). the base losses are 103.191 (train). The time used is 372.376s. 
At iter 1940/2029, epoch 1, the losses are 4.724 (train). the base losses are 103.031 (train). The time used is 351.319s. 
At iter 1950/2029, epoch 1, the losses are 4.704 (train). the base losses are 102.853 (train). The time used is 372.516s. 
At iter 1950/2029, epoch 1, the losses are 4.864 (test). the base losses are 106.493 (test). 
At iter 1960/2029, epoch 1, the losses are 4.698 (train). the base losses are 103.395 (train). The time used is 357.890s. 
At iter 1970/2029, epoch 1, the losses are 4.696 (train). the base losses are 103.402 (train). The time used is 358.415s. 
At iter 1980/2029, epoch 1, the losses are 4.723 (train). the base losses are 103.346 (train). The time used is 376.714s. 
At iter 1990/2029, epoch 1, the losses are 4.700 (train). the base losses are 103.099 (train). The time used is 361.037s. 
At iter 2000/2029, epoch 1, the losses are 4.695 (train). the base losses are 103.343 (train). The time used is 356.273s. 
At iter 2000/2029, epoch 1, the losses are 4.835 (test). the base losses are 105.703 (test). 
At iter 2010/2029, epoch 1, the losses are 4.683 (train). the base losses are 102.957 (train). The time used is 374.613s. 
At iter 2020/2029, epoch 1, the losses are 4.688 (train). the base losses are 103.018 (train). The time used is 344.336s. 
/data/rajlab1/user_data/jin/MyResearch/EEG-sz-det_dev/bash_scripts/../mypkg/../results/Dis_step10_dis6_nlay4_ndim256_epoch1
Create a folder /data/rajlab1/user_data/jin/MyResearch/EEG-sz-det_dev/bash_scripts/../mypkg/../results/Dis_step10_dis6_nlay4_ndim256_epoch1
Save to /data/rajlab1/user_data/jin/MyResearch/EEG-sz-det_dev/bash_scripts/../mypkg/../results/Dis_step10_dis6_nlay4_ndim256_epoch1/config.pkl
Save to /data/rajlab1/user_data/jin/MyResearch/EEG-sz-det_dev/bash_scripts/../mypkg/../results/Dis_step10_dis6_nlay4_ndim256_epoch1/loss_fn.pkl
Save to /data/rajlab1/user_data/jin/MyResearch/EEG-sz-det_dev/bash_scripts/../mypkg/../results/Dis_step10_dis6_nlay4_ndim256_epoch1/losses.pkl
Save to /data/rajlab1/user_data/jin/MyResearch/EEG-sz-det_dev/bash_scripts/../mypkg/../results/Dis_step10_dis6_nlay4_ndim256_epoch1/losses_test.pkl
Save to /data/rajlab1/user_data/jin/MyResearch/EEG-sz-det_dev/bash_scripts/../mypkg/../results/Dis_step10_dis6_nlay4_ndim256_epoch1/paras_train.pkl
The current lr is [6e-05].
At iter 10/2029, epoch 2, the losses are 4.681 (train). the base losses are 103.187 (train). The time used is 713.102s. 
At iter 20/2029, epoch 2, the losses are 4.678 (train). the base losses are 102.727 (train). The time used is 402.898s. 
At iter 30/2029, epoch 2, the losses are 4.671 (train). the base losses are 103.153 (train). The time used is 380.646s. 
At iter 40/2029, epoch 2, the losses are 4.677 (train). the base losses are 103.470 (train). The time used is 381.416s. 
At iter 50/2029, epoch 2, the losses are 4.668 (train). the base losses are 103.215 (train). The time used is 349.455s. 
At iter 50/2029, epoch 2, the losses are 4.884 (test). the base losses are 103.395 (test). 
At iter 60/2029, epoch 2, the losses are 4.675 (train). the base losses are 103.501 (train). The time used is 387.622s. 
At iter 70/2029, epoch 2, the losses are 4.666 (train). the base losses are 102.893 (train). The time used is 385.673s. 
At iter 80/2029, epoch 2, the losses are 4.676 (train). the base losses are 102.975 (train). The time used is 370.080s. 
At iter 90/2029, epoch 2, the losses are 4.669 (train). the base losses are 102.749 (train). The time used is 360.432s. 
At iter 100/2029, epoch 2, the losses are 4.676 (train). the base losses are 102.821 (train). The time used is 379.544s. 
At iter 100/2029, epoch 2, the losses are 4.918 (test). the base losses are 106.960 (test). 
At iter 110/2029, epoch 2, the losses are 4.639 (train). the base losses are 103.212 (train). The time used is 376.795s. 
At iter 120/2029, epoch 2, the losses are 4.664 (train). the base losses are 103.333 (train). The time used is 350.312s. 
At iter 130/2029, epoch 2, the losses are 4.651 (train). the base losses are 102.913 (train). The time used is 352.204s. 
At iter 140/2029, epoch 2, the losses are 4.656 (train). the base losses are 103.017 (train). The time used is 360.996s. 
At iter 150/2029, epoch 2, the losses are 4.664 (train). the base losses are 103.230 (train). The time used is 367.508s. 
At iter 150/2029, epoch 2, the losses are 4.868 (test). the base losses are 105.327 (test). 
At iter 160/2029, epoch 2, the losses are 4.658 (train). the base losses are 102.963 (train). The time used is 368.979s. 
At iter 170/2029, epoch 2, the losses are 4.659 (train). the base losses are 103.294 (train). The time used is 328.774s. 
At iter 180/2029, epoch 2, the losses are 4.654 (train). the base losses are 103.109 (train). The time used is 376.776s. 
At iter 190/2029, epoch 2, the losses are 4.637 (train). the base losses are 102.957 (train). The time used is 378.511s. 
At iter 200/2029, epoch 2, the losses are 4.639 (train). the base losses are 102.936 (train). The time used is 358.385s. 
At iter 200/2029, epoch 2, the losses are 4.893 (test). the base losses are 103.312 (test). 
At iter 210/2029, epoch 2, the losses are 4.636 (train). the base losses are 103.006 (train). The time used is 390.635s. 
At iter 220/2029, epoch 2, the losses are 4.648 (train). the base losses are 103.207 (train). The time used is 359.442s. 
At iter 230/2029, epoch 2, the losses are 4.648 (train). the base losses are 103.318 (train). The time used is 544.740s. 
At iter 240/2029, epoch 2, the losses are 4.631 (train). the base losses are 103.271 (train). The time used is 586.586s. 
At iter 250/2029, epoch 2, the losses are 4.646 (train). the base losses are 103.174 (train). The time used is 470.578s. 
At iter 250/2029, epoch 2, the losses are 4.757 (test). the base losses are 105.925 (test). 
At iter 260/2029, epoch 2, the losses are 4.642 (train). the base losses are 103.107 (train). The time used is 436.823s. 
At iter 270/2029, epoch 2, the losses are 4.641 (train). the base losses are 103.202 (train). The time used is 410.001s. 
At iter 280/2029, epoch 2, the losses are 4.638 (train). the base losses are 103.348 (train). The time used is 380.111s. 
At iter 290/2029, epoch 2, the losses are 4.630 (train). the base losses are 103.199 (train). The time used is 370.066s. 
At iter 300/2029, epoch 2, the losses are 4.625 (train). the base losses are 103.421 (train). The time used is 367.544s. 
At iter 300/2029, epoch 2, the losses are 4.822 (test). the base losses are 103.759 (test). 
At iter 310/2029, epoch 2, the losses are 4.638 (train). the base losses are 103.260 (train). The time used is 382.656s. 
At iter 320/2029, epoch 2, the losses are 4.617 (train). the base losses are 102.693 (train). The time used is 353.057s. 
At iter 330/2029, epoch 2, the losses are 4.632 (train). the base losses are 103.182 (train). The time used is 357.757s. 
At iter 340/2029, epoch 2, the losses are 4.638 (train). the base losses are 102.947 (train). The time used is 354.564s. 
At iter 350/2029, epoch 2, the losses are 4.623 (train). the base losses are 103.365 (train). The time used is 364.811s. 
At iter 350/2029, epoch 2, the losses are 4.916 (test). the base losses are 103.161 (test). 
At iter 360/2029, epoch 2, the losses are 4.614 (train). the base losses are 103.098 (train). The time used is 393.267s. 
At iter 370/2029, epoch 2, the losses are 4.617 (train). the base losses are 102.911 (train). The time used is 416.704s. 
At iter 380/2029, epoch 2, the losses are 4.616 (train). the base losses are 103.166 (train). The time used is 354.372s. 
At iter 390/2029, epoch 2, the losses are 4.614 (train). the base losses are 103.221 (train). The time used is 382.002s. 
At iter 400/2029, epoch 2, the losses are 4.627 (train). the base losses are 103.309 (train). The time used is 379.065s. 
At iter 400/2029, epoch 2, the losses are 4.843 (test). the base losses are 107.250 (test). 
At iter 410/2029, epoch 2, the losses are 4.618 (train). the base losses are 103.185 (train). The time used is 394.660s. 
At iter 420/2029, epoch 2, the losses are 4.619 (train). the base losses are 103.207 (train). The time used is 393.752s. 
At iter 430/2029, epoch 2, the losses are 4.629 (train). the base losses are 103.398 (train). The time used is 357.407s. 
At iter 440/2029, epoch 2, the losses are 4.606 (train). the base losses are 102.896 (train). The time used is 369.393s. 
At iter 450/2029, epoch 2, the losses are 4.625 (train). the base losses are 103.266 (train). The time used is 376.647s. 
At iter 450/2029, epoch 2, the losses are 4.882 (test). the base losses are 103.481 (test). 
At iter 460/2029, epoch 2, the losses are 4.617 (train). the base losses are 103.647 (train). The time used is 369.422s. 
At iter 470/2029, epoch 2, the losses are 4.612 (train). the base losses are 103.154 (train). The time used is 372.789s. 
At iter 480/2029, epoch 2, the losses are 4.603 (train). the base losses are 103.230 (train). The time used is 366.400s. 
At iter 490/2029, epoch 2, the losses are 4.589 (train). the base losses are 103.303 (train). The time used is 351.729s. 
At iter 500/2029, epoch 2, the losses are 4.596 (train). the base losses are 102.853 (train). The time used is 354.276s. 
At iter 500/2029, epoch 2, the losses are 4.850 (test). the base losses are 102.839 (test). 
At iter 510/2029, epoch 2, the losses are 4.603 (train). the base losses are 103.689 (train). The time used is 369.498s. 
At iter 520/2029, epoch 2, the losses are 4.591 (train). the base losses are 103.096 (train). The time used is 381.153s. 
At iter 530/2029, epoch 2, the losses are 4.600 (train). the base losses are 103.234 (train). The time used is 395.982s. 
At iter 540/2029, epoch 2, the losses are 4.605 (train). the base losses are 102.959 (train). The time used is 361.413s. 
At iter 550/2029, epoch 2, the losses are 4.590 (train). the base losses are 103.349 (train). The time used is 326.450s. 
At iter 550/2029, epoch 2, the losses are 4.844 (test). the base losses are 104.484 (test). 
At iter 560/2029, epoch 2, the losses are 4.586 (train). the base losses are 103.266 (train). The time used is 367.244s. 
At iter 570/2029, epoch 2, the losses are 4.590 (train). the base losses are 102.950 (train). The time used is 366.518s. 
At iter 580/2029, epoch 2, the losses are 4.599 (train). the base losses are 103.167 (train). The time used is 364.957s. 
At iter 590/2029, epoch 2, the losses are 4.585 (train). the base losses are 102.950 (train). The time used is 364.266s. 
At iter 600/2029, epoch 2, the losses are 4.582 (train). the base losses are 103.061 (train). The time used is 373.487s. 
At iter 600/2029, epoch 2, the losses are 4.871 (test). the base losses are 105.522 (test). 
At iter 610/2029, epoch 2, the losses are 4.588 (train). the base losses are 103.126 (train). The time used is 364.083s. 
At iter 620/2029, epoch 2, the losses are 4.584 (train). the base losses are 103.418 (train). The time used is 362.159s. 
At iter 630/2029, epoch 2, the losses are 4.587 (train). the base losses are 103.235 (train). The time used is 343.512s. 
At iter 640/2029, epoch 2, the losses are 4.581 (train). the base losses are 103.297 (train). The time used is 385.874s. 
At iter 650/2029, epoch 2, the losses are 4.591 (train). the base losses are 103.181 (train). The time used is 341.238s. 
At iter 650/2029, epoch 2, the losses are 4.770 (test). the base losses are 106.179 (test). 
At iter 660/2029, epoch 2, the losses are 4.587 (train). the base losses are 102.977 (train). The time used is 384.110s. 
At iter 670/2029, epoch 2, the losses are 4.569 (train). the base losses are 102.729 (train). The time used is 330.004s. 
At iter 680/2029, epoch 2, the losses are 4.585 (train). the base losses are 102.917 (train). The time used is 387.098s. 
At iter 690/2029, epoch 2, the losses are 4.590 (train). the base losses are 103.250 (train). The time used is 376.013s. 
At iter 700/2029, epoch 2, the losses are 4.575 (train). the base losses are 103.054 (train). The time used is 359.452s. 
At iter 700/2029, epoch 2, the losses are 4.776 (test). the base losses are 105.567 (test). 
At iter 710/2029, epoch 2, the losses are 4.579 (train). the base losses are 103.043 (train). The time used is 368.849s. 
At iter 720/2029, epoch 2, the losses are 4.580 (train). the base losses are 103.201 (train). The time used is 365.390s. 
At iter 730/2029, epoch 2, the losses are 4.565 (train). the base losses are 103.105 (train). The time used is 360.664s. 
At iter 740/2029, epoch 2, the losses are 4.585 (train). the base losses are 103.269 (train). The time used is 372.042s. 
At iter 750/2029, epoch 2, the losses are 4.570 (train). the base losses are 102.798 (train). The time used is 347.754s. 
At iter 750/2029, epoch 2, the losses are 4.837 (test). the base losses are 106.777 (test). 
At iter 760/2029, epoch 2, the losses are 4.568 (train). the base losses are 102.997 (train). The time used is 363.831s. 
At iter 770/2029, epoch 2, the losses are 4.567 (train). the base losses are 103.433 (train). The time used is 346.478s. 
At iter 780/2029, epoch 2, the losses are 4.577 (train). the base losses are 103.194 (train). The time used is 383.615s. 
At iter 790/2029, epoch 2, the losses are 4.555 (train). the base losses are 103.093 (train). The time used is 361.451s. 
At iter 800/2029, epoch 2, the losses are 4.579 (train). the base losses are 103.294 (train). The time used is 328.382s. 
At iter 800/2029, epoch 2, the losses are 4.816 (test). the base losses are 106.099 (test). 
At iter 810/2029, epoch 2, the losses are 4.581 (train). the base losses are 103.024 (train). The time used is 345.495s. 
At iter 820/2029, epoch 2, the losses are 4.570 (train). the base losses are 103.271 (train). The time used is 380.416s. 
At iter 830/2029, epoch 2, the losses are 4.578 (train). the base losses are 103.246 (train). The time used is 357.174s. 
At iter 840/2029, epoch 2, the losses are 4.557 (train). the base losses are 102.730 (train). The time used is 377.662s. 
At iter 850/2029, epoch 2, the losses are 4.556 (train). the base losses are 103.183 (train). The time used is 371.266s. 
At iter 850/2029, epoch 2, the losses are 4.607 (test). the base losses are 102.673 (test). 
At iter 860/2029, epoch 2, the losses are 4.565 (train). the base losses are 103.062 (train). The time used is 356.436s. 
At iter 870/2029, epoch 2, the losses are 4.560 (train). the base losses are 103.260 (train). The time used is 388.031s. 
At iter 880/2029, epoch 2, the losses are 4.562 (train). the base losses are 103.147 (train). The time used is 396.473s. 
At iter 890/2029, epoch 2, the losses are 4.538 (train). the base losses are 103.010 (train). The time used is 349.280s. 
At iter 900/2029, epoch 2, the losses are 4.559 (train). the base losses are 102.800 (train). The time used is 374.015s. 
At iter 900/2029, epoch 2, the losses are 4.775 (test). the base losses are 103.525 (test). 
At iter 910/2029, epoch 2, the losses are 4.560 (train). the base losses are 102.951 (train). The time used is 363.970s. 
At iter 920/2029, epoch 2, the losses are 4.557 (train). the base losses are 103.073 (train). The time used is 346.053s. 
At iter 930/2029, epoch 2, the losses are 4.562 (train). the base losses are 103.203 (train). The time used is 393.593s. 
At iter 940/2029, epoch 2, the losses are 4.563 (train). the base losses are 102.970 (train). The time used is 360.024s. 
At iter 950/2029, epoch 2, the losses are 4.557 (train). the base losses are 102.934 (train). The time used is 372.505s. 
At iter 950/2029, epoch 2, the losses are 4.713 (test). the base losses are 104.771 (test). 
At iter 960/2029, epoch 2, the losses are 4.557 (train). the base losses are 103.039 (train). The time used is 360.668s. 
At iter 970/2029, epoch 2, the losses are 4.555 (train). the base losses are 102.995 (train). The time used is 365.937s. 
At iter 980/2029, epoch 2, the losses are 4.549 (train). the base losses are 103.040 (train). The time used is 340.802s. 
At iter 990/2029, epoch 2, the losses are 4.567 (train). the base losses are 103.290 (train). The time used is 365.315s. 
At iter 1000/2029, epoch 2, the losses are 4.545 (train). the base losses are 102.919 (train). The time used is 394.565s. 
At iter 1000/2029, epoch 2, the losses are 4.824 (test). the base losses are 105.945 (test). 
At iter 1010/2029, epoch 2, the losses are 4.543 (train). the base losses are 103.135 (train). The time used is 395.775s. 
At iter 1020/2029, epoch 2, the losses are 4.557 (train). the base losses are 103.197 (train). The time used is 355.796s. 
At iter 1030/2029, epoch 2, the losses are 4.556 (train). the base losses are 103.158 (train). The time used is 350.862s. 
At iter 1040/2029, epoch 2, the losses are 4.549 (train). the base losses are 103.090 (train). The time used is 363.189s. 
At iter 1050/2029, epoch 2, the losses are 4.549 (train). the base losses are 102.819 (train). The time used is 338.231s. 
At iter 1050/2029, epoch 2, the losses are 4.735 (test). the base losses are 105.694 (test). 
At iter 1060/2029, epoch 2, the losses are 4.536 (train). the base losses are 103.212 (train). The time used is 350.102s. 
At iter 1070/2029, epoch 2, the losses are 4.542 (train). the base losses are 103.357 (train). The time used is 381.305s. 
At iter 1080/2029, epoch 2, the losses are 4.534 (train). the base losses are 103.305 (train). The time used is 364.773s. 
At iter 1090/2029, epoch 2, the losses are 4.544 (train). the base losses are 102.856 (train). The time used is 365.365s. 
At iter 1100/2029, epoch 2, the losses are 4.541 (train). the base losses are 103.275 (train). The time used is 383.552s. 
At iter 1100/2029, epoch 2, the losses are 4.749 (test). the base losses are 105.147 (test). 
At iter 1110/2029, epoch 2, the losses are 4.533 (train). the base losses are 102.956 (train). The time used is 362.319s. 
At iter 1120/2029, epoch 2, the losses are 4.556 (train). the base losses are 103.032 (train). The time used is 371.995s. 
At iter 1130/2029, epoch 2, the losses are 4.526 (train). the base losses are 102.876 (train). The time used is 356.474s. 
At iter 1140/2029, epoch 2, the losses are 4.533 (train). the base losses are 102.908 (train). The time used is 374.395s. 
At iter 1150/2029, epoch 2, the losses are 4.529 (train). the base losses are 103.063 (train). The time used is 350.861s. 
At iter 1150/2029, epoch 2, the losses are 4.716 (test). the base losses are 104.945 (test). 
At iter 1160/2029, epoch 2, the losses are 4.526 (train). the base losses are 103.235 (train). The time used is 370.035s. 
At iter 1170/2029, epoch 2, the losses are 4.525 (train). the base losses are 103.402 (train). The time used is 385.814s. 
At iter 1180/2029, epoch 2, the losses are 4.527 (train). the base losses are 102.992 (train). The time used is 369.440s. 
At iter 1190/2029, epoch 2, the losses are 4.538 (train). the base losses are 103.049 (train). The time used is 370.686s. 
At iter 1200/2029, epoch 2, the losses are 4.523 (train). the base losses are 103.334 (train). The time used is 357.702s. 
At iter 1200/2029, epoch 2, the losses are 4.700 (test). the base losses are 102.646 (test). 
At iter 1210/2029, epoch 2, the losses are 4.527 (train). the base losses are 103.202 (train). The time used is 389.929s. 
At iter 1220/2029, epoch 2, the losses are 4.529 (train). the base losses are 103.357 (train). The time used is 380.120s. 
At iter 1230/2029, epoch 2, the losses are 4.518 (train). the base losses are 103.328 (train). The time used is 381.198s. 
At iter 1240/2029, epoch 2, the losses are 4.517 (train). the base losses are 103.065 (train). The time used is 357.024s. 
At iter 1250/2029, epoch 2, the losses are 4.528 (train). the base losses are 103.186 (train). The time used is 347.345s. 
At iter 1250/2029, epoch 2, the losses are 4.709 (test). the base losses are 105.226 (test). 
At iter 1260/2029, epoch 2, the losses are 4.514 (train). the base losses are 103.264 (train). The time used is 404.826s. 
At iter 1270/2029, epoch 2, the losses are 4.514 (train). the base losses are 102.960 (train). The time used is 359.558s. 
At iter 1280/2029, epoch 2, the losses are 4.525 (train). the base losses are 103.341 (train). The time used is 377.199s. 
At iter 1290/2029, epoch 2, the losses are 4.521 (train). the base losses are 102.987 (train). The time used is 372.861s. 
At iter 1300/2029, epoch 2, the losses are 4.514 (train). the base losses are 103.158 (train). The time used is 365.993s. 
At iter 1300/2029, epoch 2, the losses are 4.744 (test). the base losses are 104.413 (test). 
At iter 1310/2029, epoch 2, the losses are 4.510 (train). the base losses are 103.148 (train). The time used is 361.358s. 
At iter 1320/2029, epoch 2, the losses are 4.512 (train). the base losses are 102.896 (train). The time used is 338.131s. 
At iter 1330/2029, epoch 2, the losses are 4.511 (train). the base losses are 102.908 (train). The time used is 341.416s. 
At iter 1340/2029, epoch 2, the losses are 4.505 (train). the base losses are 102.926 (train). The time used is 344.065s. 
At iter 1350/2029, epoch 2, the losses are 4.507 (train). the base losses are 103.217 (train). The time used is 362.797s. 
At iter 1350/2029, epoch 2, the losses are 4.768 (test). the base losses are 103.824 (test). 
At iter 1360/2029, epoch 2, the losses are 4.525 (train). the base losses are 103.413 (train). The time used is 338.306s. 
At iter 1370/2029, epoch 2, the losses are 4.503 (train). the base losses are 102.968 (train). The time used is 358.262s. 
At iter 1380/2029, epoch 2, the losses are 4.515 (train). the base losses are 103.434 (train). The time used is 365.770s. 
At iter 1390/2029, epoch 2, the losses are 4.510 (train). the base losses are 102.942 (train). The time used is 376.880s. 
At iter 1400/2029, epoch 2, the losses are 4.504 (train). the base losses are 103.327 (train). The time used is 369.649s. 
At iter 1400/2029, epoch 2, the losses are 4.773 (test). the base losses are 103.161 (test). 
At iter 1410/2029, epoch 2, the losses are 4.512 (train). the base losses are 103.128 (train). The time used is 386.541s. 
At iter 1420/2029, epoch 2, the losses are 4.501 (train). the base losses are 103.150 (train). The time used is 357.508s. 
At iter 1430/2029, epoch 2, the losses are 4.512 (train). the base losses are 102.909 (train). The time used is 367.940s. 
At iter 1440/2029, epoch 2, the losses are 4.515 (train). the base losses are 102.958 (train). The time used is 359.464s. 
At iter 1450/2029, epoch 2, the losses are 4.499 (train). the base losses are 103.178 (train). The time used is 368.847s. 
At iter 1450/2029, epoch 2, the losses are 4.713 (test). the base losses are 104.824 (test). 
At iter 1460/2029, epoch 2, the losses are 4.504 (train). the base losses are 103.112 (train). The time used is 358.862s. 
At iter 1470/2029, epoch 2, the losses are 4.501 (train). the base losses are 103.126 (train). The time used is 359.778s. 
At iter 1480/2029, epoch 2, the losses are 4.512 (train). the base losses are 103.122 (train). The time used is 370.317s. 
At iter 1490/2029, epoch 2, the losses are 4.508 (train). the base losses are 102.975 (train). The time used is 342.930s. 
At iter 1500/2029, epoch 2, the losses are 4.497 (train). the base losses are 103.398 (train). The time used is 372.140s. 
At iter 1500/2029, epoch 2, the losses are 4.718 (test). the base losses are 104.463 (test). 
At iter 1510/2029, epoch 2, the losses are 4.486 (train). the base losses are 103.012 (train). The time used is 394.985s. 
At iter 1520/2029, epoch 2, the losses are 4.502 (train). the base losses are 103.085 (train). The time used is 354.453s. 
At iter 1530/2029, epoch 2, the losses are 4.511 (train). the base losses are 103.165 (train). The time used is 365.268s. 
At iter 1540/2029, epoch 2, the losses are 4.501 (train). the base losses are 102.936 (train). The time used is 334.737s. 
At iter 1550/2029, epoch 2, the losses are 4.500 (train). the base losses are 103.348 (train). The time used is 356.852s. 
At iter 1550/2029, epoch 2, the losses are 4.747 (test). the base losses are 105.046 (test). 
At iter 1560/2029, epoch 2, the losses are 4.496 (train). the base losses are 103.171 (train). The time used is 346.288s. 
At iter 1570/2029, epoch 2, the losses are 4.493 (train). the base losses are 102.842 (train). The time used is 386.301s. 
At iter 1580/2029, epoch 2, the losses are 4.502 (train). the base losses are 102.982 (train). The time used is 372.109s. 
At iter 1590/2029, epoch 2, the losses are 4.506 (train). the base losses are 102.995 (train). The time used is 358.600s. 
At iter 1600/2029, epoch 2, the losses are 4.490 (train). the base losses are 102.795 (train). The time used is 363.317s. 
At iter 1600/2029, epoch 2, the losses are 4.755 (test). the base losses are 104.451 (test). 
At iter 1610/2029, epoch 2, the losses are 4.480 (train). the base losses are 102.995 (train). The time used is 384.435s. 
At iter 1620/2029, epoch 2, the losses are 4.489 (train). the base losses are 102.552 (train). The time used is 380.562s. 
At iter 1630/2029, epoch 2, the losses are 4.496 (train). the base losses are 103.357 (train). The time used is 373.712s. 
At iter 1640/2029, epoch 2, the losses are 4.497 (train). the base losses are 103.452 (train). The time used is 357.221s. 
At iter 1650/2029, epoch 2, the losses are 4.477 (train). the base losses are 103.088 (train). The time used is 344.383s. 
At iter 1650/2029, epoch 2, the losses are 4.732 (test). the base losses are 104.223 (test). 
At iter 1660/2029, epoch 2, the losses are 4.494 (train). the base losses are 103.068 (train). The time used is 353.230s. 
At iter 1670/2029, epoch 2, the losses are 4.487 (train). the base losses are 103.291 (train). The time used is 367.605s. 
At iter 1680/2029, epoch 2, the losses are 4.490 (train). the base losses are 103.230 (train). The time used is 398.856s. 
At iter 1690/2029, epoch 2, the losses are 4.491 (train). the base losses are 103.021 (train). The time used is 356.544s. 
At iter 1700/2029, epoch 2, the losses are 4.476 (train). the base losses are 103.035 (train). The time used is 358.684s. 
At iter 1700/2029, epoch 2, the losses are 4.770 (test). the base losses are 105.407 (test). 
At iter 1710/2029, epoch 2, the losses are 4.474 (train). the base losses are 103.152 (train). The time used is 365.568s. 
At iter 1720/2029, epoch 2, the losses are 4.488 (train). the base losses are 103.143 (train). The time used is 385.745s. 
At iter 1730/2029, epoch 2, the losses are 4.488 (train). the base losses are 103.143 (train). The time used is 350.229s. 
At iter 1740/2029, epoch 2, the losses are 4.488 (train). the base losses are 102.899 (train). The time used is 362.263s. 
At iter 1750/2029, epoch 2, the losses are 4.476 (train). the base losses are 103.045 (train). The time used is 361.319s. 
At iter 1750/2029, epoch 2, the losses are 4.692 (test). the base losses are 105.300 (test). 
At iter 1760/2029, epoch 2, the losses are 4.482 (train). the base losses are 103.210 (train). The time used is 360.558s. 
At iter 1770/2029, epoch 2, the losses are 4.482 (train). the base losses are 103.266 (train). The time used is 393.587s. 
At iter 1780/2029, epoch 2, the losses are 4.476 (train). the base losses are 103.022 (train). The time used is 363.406s. 
At iter 1790/2029, epoch 2, the losses are 4.493 (train). the base losses are 103.189 (train). The time used is 373.583s. 
At iter 1800/2029, epoch 2, the losses are 4.476 (train). the base losses are 103.478 (train). The time used is 377.983s. 
At iter 1800/2029, epoch 2, the losses are 4.683 (test). the base losses are 105.519 (test). 
At iter 1810/2029, epoch 2, the losses are 4.467 (train). the base losses are 103.052 (train). The time used is 362.200s. 
At iter 1820/2029, epoch 2, the losses are 4.470 (train). the base losses are 103.170 (train). The time used is 342.913s. 
At iter 1830/2029, epoch 2, the losses are 4.481 (train). the base losses are 103.159 (train). The time used is 361.885s. 
At iter 1840/2029, epoch 2, the losses are 4.493 (train). the base losses are 103.337 (train). The time used is 374.061s. 
At iter 1850/2029, epoch 2, the losses are 4.477 (train). the base losses are 103.199 (train). The time used is 387.588s. 
At iter 1850/2029, epoch 2, the losses are 4.666 (test). the base losses are 105.150 (test). 
At iter 1860/2029, epoch 2, the losses are 4.474 (train). the base losses are 103.095 (train). The time used is 361.800s. 
At iter 1870/2029, epoch 2, the losses are 4.472 (train). the base losses are 102.979 (train). The time used is 354.161s. 
At iter 1880/2029, epoch 2, the losses are 4.474 (train). the base losses are 103.169 (train). The time used is 365.813s. 
At iter 1890/2029, epoch 2, the losses are 4.474 (train). the base losses are 102.998 (train). The time used is 373.813s. 
At iter 1900/2029, epoch 2, the losses are 4.467 (train). the base losses are 103.377 (train). The time used is 374.509s. 
At iter 1900/2029, epoch 2, the losses are 4.694 (test). the base losses are 104.374 (test). 
At iter 1910/2029, epoch 2, the losses are 4.473 (train). the base losses are 102.967 (train). The time used is 366.649s. 
At iter 1920/2029, epoch 2, the losses are 4.466 (train). the base losses are 103.209 (train). The time used is 311.747s. 
At iter 1930/2029, epoch 2, the losses are 4.468 (train). the base losses are 103.047 (train). The time used is 350.738s. 
At iter 1940/2029, epoch 2, the losses are 4.466 (train). the base losses are 103.214 (train). The time used is 366.629s. 
At iter 1950/2029, epoch 2, the losses are 4.463 (train). the base losses are 102.980 (train). The time used is 350.902s. 
At iter 1950/2029, epoch 2, the losses are 4.697 (test). the base losses are 101.632 (test). 
At iter 1960/2029, epoch 2, the losses are 4.455 (train). the base losses are 102.671 (train). The time used is 361.539s. 
At iter 1970/2029, epoch 2, the losses are 4.476 (train). the base losses are 102.922 (train). The time used is 385.883s. 
At iter 1980/2029, epoch 2, the losses are 4.460 (train). the base losses are 103.129 (train). The time used is 370.255s. 
At iter 1990/2029, epoch 2, the losses are 4.462 (train). the base losses are 103.289 (train). The time used is 354.684s. 
At iter 2000/2029, epoch 2, the losses are 4.466 (train). the base losses are 103.342 (train). The time used is 337.589s. 
At iter 2000/2029, epoch 2, the losses are 4.693 (test). the base losses are 103.928 (test). 
At iter 2010/2029, epoch 2, the losses are 4.451 (train). the base losses are 103.244 (train). The time used is 343.704s. 
At iter 2020/2029, epoch 2, the losses are 4.474 (train). the base losses are 102.990 (train). The time used is 369.479s. 
/data/rajlab1/user_data/jin/MyResearch/EEG-sz-det_dev/bash_scripts/../mypkg/../results/Dis_step10_dis6_nlay4_ndim256_epoch2
Create a folder /data/rajlab1/user_data/jin/MyResearch/EEG-sz-det_dev/bash_scripts/../mypkg/../results/Dis_step10_dis6_nlay4_ndim256_epoch2
Save to /data/rajlab1/user_data/jin/MyResearch/EEG-sz-det_dev/bash_scripts/../mypkg/../results/Dis_step10_dis6_nlay4_ndim256_epoch2/config.pkl
Save to /data/rajlab1/user_data/jin/MyResearch/EEG-sz-det_dev/bash_scripts/../mypkg/../results/Dis_step10_dis6_nlay4_ndim256_epoch2/loss_fn.pkl
Save to /data/rajlab1/user_data/jin/MyResearch/EEG-sz-det_dev/bash_scripts/../mypkg/../results/Dis_step10_dis6_nlay4_ndim256_epoch2/losses.pkl
Save to /data/rajlab1/user_data/jin/MyResearch/EEG-sz-det_dev/bash_scripts/../mypkg/../results/Dis_step10_dis6_nlay4_ndim256_epoch2/losses_test.pkl
Save to /data/rajlab1/user_data/jin/MyResearch/EEG-sz-det_dev/bash_scripts/../mypkg/../results/Dis_step10_dis6_nlay4_ndim256_epoch2/paras_train.pkl
The current lr is [3.6e-05].
At iter 10/2029, epoch 3, the losses are 4.466 (train). the base losses are 103.167 (train). The time used is 678.085s. 
At iter 20/2029, epoch 3, the losses are 4.470 (train). the base losses are 103.383 (train). The time used is 368.630s. 
At iter 30/2029, epoch 3, the losses are 4.458 (train). the base losses are 103.259 (train). The time used is 391.357s. 
At iter 40/2029, epoch 3, the losses are 4.462 (train). the base losses are 103.014 (train). The time used is 368.758s. 
At iter 50/2029, epoch 3, the losses are 4.461 (train). the base losses are 103.254 (train). The time used is 380.294s. 
At iter 50/2029, epoch 3, the losses are 4.723 (test). the base losses are 104.123 (test). 
At iter 60/2029, epoch 3, the losses are 4.457 (train). the base losses are 103.070 (train). The time used is 360.710s. 
At iter 70/2029, epoch 3, the losses are 4.463 (train). the base losses are 102.946 (train). The time used is 360.129s. 
At iter 80/2029, epoch 3, the losses are 4.448 (train). the base losses are 102.949 (train). The time used is 374.772s. 
At iter 90/2029, epoch 3, the losses are 4.458 (train). the base losses are 103.190 (train). The time used is 369.661s. 
At iter 100/2029, epoch 3, the losses are 4.438 (train). the base losses are 103.098 (train). The time used is 353.824s. 
At iter 100/2029, epoch 3, the losses are 4.623 (test). the base losses are 104.626 (test). 
At iter 110/2029, epoch 3, the losses are 4.445 (train). the base losses are 103.273 (train). The time used is 356.012s. 
At iter 120/2029, epoch 3, the losses are 4.462 (train). the base losses are 103.297 (train). The time used is 349.840s. 
At iter 130/2029, epoch 3, the losses are 4.448 (train). the base losses are 103.050 (train). The time used is 360.085s. 
At iter 140/2029, epoch 3, the losses are 4.463 (train). the base losses are 103.152 (train). The time used is 364.095s. 
At iter 150/2029, epoch 3, the losses are 4.454 (train). the base losses are 103.015 (train). The time used is 368.973s. 
At iter 150/2029, epoch 3, the losses are 4.666 (test). the base losses are 105.244 (test). 
At iter 160/2029, epoch 3, the losses are 4.453 (train). the base losses are 103.359 (train). The time used is 388.047s. 
At iter 170/2029, epoch 3, the losses are 4.453 (train). the base losses are 102.985 (train). The time used is 365.138s. 
At iter 180/2029, epoch 3, the losses are 4.451 (train). the base losses are 103.232 (train). The time used is 340.105s. 
At iter 190/2029, epoch 3, the losses are 4.453 (train). the base losses are 102.999 (train). The time used is 377.829s. 
At iter 200/2029, epoch 3, the losses are 4.453 (train). the base losses are 103.110 (train). The time used is 345.940s. 
At iter 200/2029, epoch 3, the losses are 4.695 (test). the base losses are 106.283 (test). 
At iter 210/2029, epoch 3, the losses are 4.447 (train). the base losses are 103.197 (train). The time used is 372.323s. 
At iter 220/2029, epoch 3, the losses are 4.453 (train). the base losses are 103.228 (train). The time used is 391.002s. 
At iter 230/2029, epoch 3, the losses are 4.455 (train). the base losses are 103.126 (train). The time used is 330.003s. 
At iter 240/2029, epoch 3, the losses are 4.441 (train). the base losses are 102.951 (train). The time used is 362.974s. 
At iter 250/2029, epoch 3, the losses are 4.446 (train). the base losses are 103.089 (train). The time used is 373.506s. 
At iter 250/2029, epoch 3, the losses are 4.619 (test). the base losses are 107.537 (test). 
At iter 260/2029, epoch 3, the losses are 4.440 (train). the base losses are 102.969 (train). The time used is 355.095s. 
At iter 270/2029, epoch 3, the losses are 4.448 (train). the base losses are 103.259 (train). The time used is 374.753s. 
At iter 280/2029, epoch 3, the losses are 4.443 (train). the base losses are 103.233 (train). The time used is 388.695s. 
At iter 290/2029, epoch 3, the losses are 4.460 (train). the base losses are 103.317 (train). The time used is 355.237s. 
At iter 300/2029, epoch 3, the losses are 4.450 (train). the base losses are 103.058 (train). The time used is 306.734s. 
At iter 300/2029, epoch 3, the losses are 4.679 (test). the base losses are 105.079 (test). 
At iter 310/2029, epoch 3, the losses are 4.445 (train). the base losses are 103.174 (train). The time used is 383.417s. 
At iter 320/2029, epoch 3, the losses are 4.459 (train). the base losses are 103.361 (train). The time used is 372.951s. 
At iter 330/2029, epoch 3, the losses are 4.453 (train). the base losses are 103.079 (train). The time used is 366.679s. 
At iter 340/2029, epoch 3, the losses are 4.449 (train). the base losses are 103.286 (train). The time used is 355.703s. 
At iter 350/2029, epoch 3, the losses are 4.448 (train). the base losses are 103.170 (train). The time used is 377.613s. 
At iter 350/2029, epoch 3, the losses are 4.653 (test). the base losses are 104.292 (test). 
At iter 360/2029, epoch 3, the losses are 4.445 (train). the base losses are 103.102 (train). The time used is 361.707s. 
At iter 370/2029, epoch 3, the losses are 4.447 (train). the base losses are 103.308 (train). The time used is 389.583s. 
At iter 380/2029, epoch 3, the losses are 4.451 (train). the base losses are 103.294 (train). The time used is 343.376s. 
At iter 390/2029, epoch 3, the losses are 4.435 (train). the base losses are 103.077 (train). The time used is 381.147s. 
At iter 400/2029, epoch 3, the losses are 4.440 (train). the base losses are 102.886 (train). The time used is 382.694s. 
At iter 400/2029, epoch 3, the losses are 4.672 (test). the base losses are 105.472 (test). 
At iter 410/2029, epoch 3, the losses are 4.439 (train). the base losses are 103.258 (train). The time used is 370.116s. 
At iter 420/2029, epoch 3, the losses are 4.440 (train). the base losses are 103.211 (train). The time used is 358.539s. 
At iter 430/2029, epoch 3, the losses are 4.439 (train). the base losses are 102.877 (train). The time used is 370.416s. 
At iter 440/2029, epoch 3, the losses are 4.448 (train). the base losses are 103.046 (train). The time used is 342.550s. 
At iter 450/2029, epoch 3, the losses are 4.439 (train). the base losses are 102.942 (train). The time used is 349.922s. 
At iter 450/2029, epoch 3, the losses are 4.720 (test). the base losses are 106.049 (test). 
slurmstepd-anahita: error: *** JOB 18729 ON anahita CANCELLED AT 2024-05-24T18:19:12 ***
